2023-12-17 21:48:48.784  WARN   APIController.getCherge - 担当者のAPIを呼び出せない
2023-12-17 21:48:48.821  WARN   APIController.getPurpose - 内容のAPIを呼び出せない
2023-12-17 21:48:48.823  WARN   APIController.getJob - JOBのAPIを呼び出せない
2023-12-17 21:48:48.905  INFO   SpringBootTestContextBootstrapper.buildDefaultMergedContextConfiguration - Neither @ContextConfiguration nor @ContextHierarchy found for test class [com.juneutf.mtg.HomeControllerTest], using SpringBootContextLoader
2023-12-17 21:48:48.909  INFO   AbstractContextLoader.generateDefaultLocations - Could not detect default resource locations for test class [com.juneutf.mtg.HomeControllerTest]: no resource found for suffixes {-context.xml, Context.groovy}.
2023-12-17 21:48:48.910  INFO   AnnotationConfigContextLoaderUtils.detectDefaultConfigurationClasses - Could not detect default configuration classes for test class [com.juneutf.mtg.HomeControllerTest]: HomeControllerTest does not declare any static, non-private, non-final, nested classes annotated with @Configuration.
2023-12-17 21:48:49.034  INFO   SpringBootTestContextBootstrapper.getOrFindConfigurationClasses - Found @SpringBootConfiguration com.juneutf.mtg.MtgApplication for test class com.juneutf.mtg.HomeControllerTest
2023-12-17 21:48:49.118  INFO   SpringBootTestContextBootstrapper.getDefaultTestExecutionListenerClassNames - Loaded default TestExecutionListener class names from location [META-INF/spring.factories]: [org.springframework.boot.test.mock.mockito.MockitoTestExecutionListener, org.springframework.boot.test.mock.mockito.ResetMocksTestExecutionListener, org.springframework.boot.test.autoconfigure.restdocs.RestDocsTestExecutionListener, org.springframework.boot.test.autoconfigure.web.client.MockRestServiceServerResetTestExecutionListener, org.springframework.boot.test.autoconfigure.web.servlet.MockMvcPrintOnlyOnFailureTestExecutionListener, org.springframework.boot.test.autoconfigure.web.servlet.WebDriverTestExecutionListener, org.springframework.boot.test.autoconfigure.webservices.client.MockWebServiceServerTestExecutionListener, org.springframework.test.context.web.ServletTestExecutionListener, org.springframework.test.context.support.DirtiesContextBeforeModesTestExecutionListener, org.springframework.test.context.event.ApplicationEventsTestExecutionListener, org.springframework.test.context.support.DependencyInjectionTestExecutionListener, org.springframework.test.context.support.DirtiesContextTestExecutionListener, org.springframework.test.context.transaction.TransactionalTestExecutionListener, org.springframework.test.context.jdbc.SqlScriptsTestExecutionListener, org.springframework.test.context.event.EventPublishingTestExecutionListener, org.springframework.security.test.context.support.WithSecurityContextTestExecutionListener, org.springframework.security.test.context.support.ReactorContextTestExecutionListener]
2023-12-17 21:48:49.134  INFO   SpringBootTestContextBootstrapper.getTestExecutionListeners - Using TestExecutionListeners: [org.springframework.test.context.web.ServletTestExecutionListener@79d9214d, org.springframework.test.context.support.DirtiesContextBeforeModesTestExecutionListener@3d5790ea, org.springframework.test.context.event.ApplicationEventsTestExecutionListener@1dd7796b, org.springframework.boot.test.mock.mockito.MockitoTestExecutionListener@67a3bd51, org.springframework.boot.test.autoconfigure.SpringBootDependencyInjectionTestExecutionListener@57402ba1, org.springframework.test.context.support.DirtiesContextTestExecutionListener@56913163, org.springframework.test.context.transaction.TransactionalTestExecutionListener@702b06fb, org.springframework.test.context.jdbc.SqlScriptsTestExecutionListener@a18649a, org.springframework.test.context.event.EventPublishingTestExecutionListener@5c534b5b, org.springframework.security.test.context.support.WithSecurityContextTestExecutionListener@396639b, org.springframework.security.test.context.support.ReactorContextTestExecutionListener@2b22a1cc, org.springframework.boot.test.mock.mockito.ResetMocksTestExecutionListener@62573c86, org.springframework.boot.test.autoconfigure.restdocs.RestDocsTestExecutionListener@2418ba04, org.springframework.boot.test.autoconfigure.web.client.MockRestServiceServerResetTestExecutionListener@14229fa7, org.springframework.boot.test.autoconfigure.web.servlet.MockMvcPrintOnlyOnFailureTestExecutionListener@2ab0702e, org.springframework.boot.test.autoconfigure.web.servlet.WebDriverTestExecutionListener@7158daf2, org.springframework.boot.test.autoconfigure.webservices.client.MockWebServiceServerTestExecutionListener@10f19647]
2023-12-17 21:48:49.508  INFO   Version.<clinit> - HV000001: Hibernate Validator 6.2.5.Final
2023-12-17 21:48:49.512  INFO   HomeControllerTest.logStarting - Starting HomeControllerTest using Java 11.0.20 on DESKTOP-NK8PSEN with PID 12552 (started by juneu in C:\Users\juneu\git\MTG)
2023-12-17 21:48:49.514  INFO   HomeControllerTest.logStartupProfileInfo - No active profile set, falling back to 1 default profile: "default"
2023-12-17 21:48:51.529  WARN   TemplateMode.parse - [THYMELEAF][main] Template Mode 'LEGACYHTML5' is deprecated. Using Template Mode 'HTML' instead.
2023-12-17 21:48:52.030  INFO   DefaultSecurityFilterChain.<init> - Will secure any request with [org.springframework.security.web.session.DisableEncodeUrlFilter@32328dc4, org.springframework.security.web.context.request.async.WebAsyncManagerIntegrationFilter@17df689e, org.springframework.security.web.context.SecurityContextPersistenceFilter@6e49b011, org.springframework.security.web.header.HeaderWriterFilter@10a0a1e, org.springframework.security.web.authentication.logout.LogoutFilter@42e202d7, org.springframework.security.web.authentication.UsernamePasswordAuthenticationFilter@1f5d7fd5, org.springframework.security.web.savedrequest.RequestCacheAwareFilter@1da5c19d, org.springframework.security.web.servletapi.SecurityContextHolderAwareRequestFilter@edbc2bf, org.springframework.security.web.authentication.rememberme.RememberMeAuthenticationFilter@11adab6d, org.springframework.security.web.authentication.AnonymousAuthenticationFilter@21540255, org.springframework.security.web.session.SessionManagementFilter@4152bd0f, org.springframework.security.web.access.ExceptionTranslationFilter@58f290bc, org.springframework.security.web.access.intercept.AuthorizationFilter@3221588e]
2023-12-17 21:48:52.522  INFO   WelcomePageHandlerMapping.<init> - Adding welcome page template: index
2023-12-17 21:48:52.935  INFO   SpringBootMockServletContext.log - Initializing Spring TestDispatcherServlet ''
2023-12-17 21:48:52.936  INFO   TestDispatcherServlet.initServletBean - Initializing Servlet ''
2023-12-17 21:48:52.937  INFO   TestDispatcherServlet.initServletBean - Completed initialization in 1 ms
2023-12-17 21:48:52.953  INFO   SimpleBrokerMessageHandler.info - Starting...
2023-12-17 21:48:52.954  INFO   SimpleBrokerMessageHandler.info - BrokerAvailabilityEvent[available=true, SimpleBrokerMessageHandler [org.springframework.messaging.simp.broker.DefaultSubscriptionRegistry@79424f25]]
2023-12-17 21:48:52.955  INFO   SimpleBrokerMessageHandler.info - Started.
2023-12-17 21:48:52.967  INFO   HomeControllerTest.logStarted - Started HomeControllerTest in 3.798 seconds (JVM running for 5.511)
2023-12-17 21:48:52.991  INFO   HikariDataSource.getConnection - HikariPool-1 - Starting...
2023-12-17 21:48:53.279  INFO   HikariDataSource.getConnection - HikariPool-1 - Start completed.
2023-12-17 21:48:53.816  INFO   SpringBootTestContextBootstrapper.buildDefaultMergedContextConfiguration - Neither @ContextConfiguration nor @ContextHierarchy found for test class [com.juneutf.mtg.MtgApplicationTests], using SpringBootContextLoader
2023-12-17 21:48:53.817  INFO   AbstractContextLoader.generateDefaultLocations - Could not detect default resource locations for test class [com.juneutf.mtg.MtgApplicationTests]: no resource found for suffixes {-context.xml, Context.groovy}.
2023-12-17 21:48:53.818  INFO   AnnotationConfigContextLoaderUtils.detectDefaultConfigurationClasses - Could not detect default configuration classes for test class [com.juneutf.mtg.MtgApplicationTests]: MtgApplicationTests does not declare any static, non-private, non-final, nested classes annotated with @Configuration.
2023-12-17 21:48:53.821  INFO   SpringBootTestContextBootstrapper.getOrFindConfigurationClasses - Found @SpringBootConfiguration com.juneutf.mtg.MtgApplication for test class com.juneutf.mtg.MtgApplicationTests
2023-12-17 21:48:53.823  INFO   SpringBootTestContextBootstrapper.getDefaultTestExecutionListenerClassNames - Loaded default TestExecutionListener class names from location [META-INF/spring.factories]: [org.springframework.boot.test.mock.mockito.MockitoTestExecutionListener, org.springframework.boot.test.mock.mockito.ResetMocksTestExecutionListener, org.springframework.boot.test.autoconfigure.restdocs.RestDocsTestExecutionListener, org.springframework.boot.test.autoconfigure.web.client.MockRestServiceServerResetTestExecutionListener, org.springframework.boot.test.autoconfigure.web.servlet.MockMvcPrintOnlyOnFailureTestExecutionListener, org.springframework.boot.test.autoconfigure.web.servlet.WebDriverTestExecutionListener, org.springframework.boot.test.autoconfigure.webservices.client.MockWebServiceServerTestExecutionListener, org.springframework.test.context.web.ServletTestExecutionListener, org.springframework.test.context.support.DirtiesContextBeforeModesTestExecutionListener, org.springframework.test.context.event.ApplicationEventsTestExecutionListener, org.springframework.test.context.support.DependencyInjectionTestExecutionListener, org.springframework.test.context.support.DirtiesContextTestExecutionListener, org.springframework.test.context.transaction.TransactionalTestExecutionListener, org.springframework.test.context.jdbc.SqlScriptsTestExecutionListener, org.springframework.test.context.event.EventPublishingTestExecutionListener, org.springframework.security.test.context.support.WithSecurityContextTestExecutionListener, org.springframework.security.test.context.support.ReactorContextTestExecutionListener]
2023-12-17 21:48:53.824  INFO   SpringBootTestContextBootstrapper.getTestExecutionListeners - Using TestExecutionListeners: [org.springframework.test.context.web.ServletTestExecutionListener@11896124, org.springframework.test.context.support.DirtiesContextBeforeModesTestExecutionListener@69fe8c75, org.springframework.test.context.event.ApplicationEventsTestExecutionListener@633cad4d, org.springframework.boot.test.mock.mockito.MockitoTestExecutionListener@15c3585, org.springframework.boot.test.autoconfigure.SpringBootDependencyInjectionTestExecutionListener@5b86f4cb, org.springframework.test.context.support.DirtiesContextTestExecutionListener@468646ea, org.springframework.test.context.transaction.TransactionalTestExecutionListener@4056cdb2, org.springframework.test.context.jdbc.SqlScriptsTestExecutionListener@20462820, org.springframework.test.context.event.EventPublishingTestExecutionListener@4c0ab04f, org.springframework.security.test.context.support.WithSecurityContextTestExecutionListener@384f0e32, org.springframework.security.test.context.support.ReactorContextTestExecutionListener@4e826fd4, org.springframework.boot.test.mock.mockito.ResetMocksTestExecutionListener@5f14590c, org.springframework.boot.test.autoconfigure.restdocs.RestDocsTestExecutionListener@46051269, org.springframework.boot.test.autoconfigure.web.client.MockRestServiceServerResetTestExecutionListener@67baa05, org.springframework.boot.test.autoconfigure.web.servlet.MockMvcPrintOnlyOnFailureTestExecutionListener@5b5a89d1, org.springframework.boot.test.autoconfigure.web.servlet.WebDriverTestExecutionListener@267b678f, org.springframework.boot.test.autoconfigure.webservices.client.MockWebServiceServerTestExecutionListener@4803bf73]
2023-12-17 21:48:53.852  INFO   MtgApplicationTests.logStarting - Starting MtgApplicationTests using Java 11.0.20 on DESKTOP-NK8PSEN with PID 12552 (started by juneu in C:\Users\juneu\git\MTG)
2023-12-17 21:48:53.853  INFO   MtgApplicationTests.logStartupProfileInfo - No active profile set, falling back to 1 default profile: "default"
2023-12-17 21:48:54.415  WARN   TemplateMode.parse - [THYMELEAF][main] Template Mode 'LEGACYHTML5' is deprecated. Using Template Mode 'HTML' instead.
2023-12-17 21:48:54.569  INFO   DefaultSecurityFilterChain.<init> - Will secure any request with [org.springframework.security.web.session.DisableEncodeUrlFilter@3c65f2e1, org.springframework.security.web.context.request.async.WebAsyncManagerIntegrationFilter@c247b02, org.springframework.security.web.context.SecurityContextPersistenceFilter@3f2a7ca0, org.springframework.security.web.header.HeaderWriterFilter@7091a016, org.springframework.security.web.authentication.logout.LogoutFilter@66576bd2, org.springframework.security.web.authentication.UsernamePasswordAuthenticationFilter@531b1778, org.springframework.security.web.savedrequest.RequestCacheAwareFilter@23e297d9, org.springframework.security.web.servletapi.SecurityContextHolderAwareRequestFilter@5e8e02a3, org.springframework.security.web.authentication.rememberme.RememberMeAuthenticationFilter@ecfff32, org.springframework.security.web.authentication.AnonymousAuthenticationFilter@78f1d29, org.springframework.security.web.session.SessionManagementFilter@14580edc, org.springframework.security.web.access.ExceptionTranslationFilter@109188b4, org.springframework.security.web.access.intercept.AuthorizationFilter@7f09ff10]
2023-12-17 21:48:54.760  INFO   WelcomePageHandlerMapping.<init> - Adding welcome page template: index
2023-12-17 21:48:54.984  INFO   SimpleBrokerMessageHandler.info - Starting...
2023-12-17 21:48:54.984  INFO   SimpleBrokerMessageHandler.info - BrokerAvailabilityEvent[available=true, SimpleBrokerMessageHandler [org.springframework.messaging.simp.broker.DefaultSubscriptionRegistry@1f6d3a81]]
2023-12-17 21:48:54.984  INFO   SimpleBrokerMessageHandler.info - Started.
2023-12-17 21:48:54.988  INFO   HikariDataSource.getConnection - HikariPool-2 - Starting...
2023-12-17 21:48:54.988  INFO   MtgApplicationTests.logStarted - Started MtgApplicationTests in 1.16 seconds (JVM running for 7.532)
2023-12-17 21:48:55.019  INFO   SimpleBrokerMessageHandler.info - Stopping...
2023-12-17 21:48:55.019  INFO   SimpleBrokerMessageHandler.info - BrokerAvailabilityEvent[available=false, SimpleBrokerMessageHandler [org.springframework.messaging.simp.broker.DefaultSubscriptionRegistry@79424f25]]
2023-12-17 21:48:55.019  INFO   SimpleBrokerMessageHandler.info - Stopped.
2023-12-17 21:48:55.023  INFO   HikariDataSource.close - HikariPool-1 - Shutdown initiated...
2023-12-17 21:48:55.035  INFO   HikariDataSource.close - HikariPool-1 - Shutdown completed.
2023-12-17 21:48:55.038  INFO   SimpleBrokerMessageHandler.info - Stopping...
2023-12-17 21:48:55.039  INFO   SimpleBrokerMessageHandler.info - BrokerAvailabilityEvent[available=false, SimpleBrokerMessageHandler [org.springframework.messaging.simp.broker.DefaultSubscriptionRegistry@1f6d3a81]]
2023-12-17 21:48:55.039  INFO   HikariDataSource.getConnection - HikariPool-2 - Start completed.
2023-12-17 21:48:55.039  INFO   SimpleBrokerMessageHandler.info - Stopped.
2023-12-17 21:48:55.042  INFO   HikariDataSource.close - HikariPool-2 - Shutdown initiated...
2023-12-17 21:48:55.045  INFO   HikariDataSource.close - HikariPool-2 - Shutdown completed.
2023-12-17 22:36:19.418  INFO   MtgApplication.logStarting - Starting MtgApplication using Java 11.0.20 on DESKTOP-NK8PSEN with PID 11140 (C:\Users\juneu\git\MTG\target\classes started by juneu in C:\Users\juneu\git\MTG)
2023-12-17 22:36:19.413  INFO   Version.<clinit> - HV000001: Hibernate Validator 6.2.5.Final
2023-12-17 22:36:19.422  INFO   MtgApplication.logStartupProfileInfo - No active profile set, falling back to 1 default profile: "default"
2023-12-17 22:36:19.460  INFO   DevToolsPropertyDefaultsPostProcessor.logTo - Devtools property defaults active! Set 'spring.devtools.add-properties' to 'false' to disable
2023-12-17 22:36:19.464  INFO   DevToolsPropertyDefaultsPostProcessor.logTo - For additional web related logging consider setting the 'logging.level.web' property to 'DEBUG'
2023-12-17 22:36:20.686  INFO   TomcatWebServer.initialize - Tomcat initialized with port(s): 8080 (http)
2023-12-17 22:36:20.693  INFO   Http11NioProtocol.log - Initializing ProtocolHandler ["http-nio-8080"]
2023-12-17 22:36:20.695  INFO   StandardService.log - Starting service [Tomcat]
2023-12-17 22:36:20.696  INFO   StandardEngine.log - Starting Servlet engine: [Apache Tomcat/9.0.80]
2023-12-17 22:36:20.747  INFO   [/].log - Initializing Spring embedded WebApplicationContext
2023-12-17 22:36:20.747  INFO   ServletWebServerApplicationContext.prepareWebApplicationContext - Root WebApplicationContext: initialization completed in 1282 ms
2023-12-17 22:36:21.148  WARN   TemplateMode.parse - [THYMELEAF][restartedMain] Template Mode 'LEGACYHTML5' is deprecated. Using Template Mode 'HTML' instead.
2023-12-17 22:36:21.274  INFO   DefaultSecurityFilterChain.<init> - Will secure any request with [org.springframework.security.web.session.DisableEncodeUrlFilter@3798da2c, org.springframework.security.web.context.request.async.WebAsyncManagerIntegrationFilter@255534b1, org.springframework.security.web.context.SecurityContextPersistenceFilter@34cf61f5, org.springframework.security.web.header.HeaderWriterFilter@8d298ea, org.springframework.security.web.authentication.logout.LogoutFilter@77fe83af, org.springframework.security.web.authentication.UsernamePasswordAuthenticationFilter@533e70e2, org.springframework.security.web.savedrequest.RequestCacheAwareFilter@4cfc16b9, org.springframework.security.web.servletapi.SecurityContextHolderAwareRequestFilter@250941c, org.springframework.security.web.authentication.rememberme.RememberMeAuthenticationFilter@6e18ec13, org.springframework.security.web.authentication.AnonymousAuthenticationFilter@22841f17, org.springframework.security.web.session.SessionManagementFilter@66c5fdce, org.springframework.security.web.access.ExceptionTranslationFilter@44813180, org.springframework.security.web.access.intercept.AuthorizationFilter@43707579]
2023-12-17 22:36:21.431  INFO   WelcomePageHandlerMapping.<init> - Adding welcome page template: index
2023-12-17 22:36:21.582  INFO   OptionalLiveReloadServer.startServer - LiveReload server is running on port 35729
2023-12-17 22:36:21.596  INFO   Http11NioProtocol.log - Starting ProtocolHandler ["http-nio-8080"]
2023-12-17 22:36:21.623  INFO   TomcatWebServer.start - Tomcat started on port(s): 8080 (http) with context path ''
2023-12-17 22:36:21.626  INFO   SimpleBrokerMessageHandler.info - Starting...
2023-12-17 22:36:21.627  INFO   SimpleBrokerMessageHandler.info - BrokerAvailabilityEvent[available=true, SimpleBrokerMessageHandler [org.springframework.messaging.simp.broker.DefaultSubscriptionRegistry@260d03fb]]
2023-12-17 22:36:21.627  INFO   SimpleBrokerMessageHandler.info - Started.
2023-12-17 22:36:21.641  INFO   MtgApplication.logStarted - Started MtgApplication in 2.524 seconds (JVM running for 3.003)
2023-12-17 22:36:21.652  INFO   HikariDataSource.getConnection - HikariPool-1 - Starting...
2023-12-17 22:36:21.806  INFO   HikariDataSource.getConnection - HikariPool-1 - Start completed.
2023-12-17 22:36:40.918  INFO   [/].log - Initializing Spring DispatcherServlet 'dispatcherServlet'
2023-12-17 22:36:40.918  INFO   DispatcherServlet.initServletBean - Initializing Servlet 'dispatcherServlet'
2023-12-17 22:36:40.922  INFO   DispatcherServlet.initServletBean - Completed initialization in 2 ms
2023-12-17 22:37:01.660  WARN   SessionIdGeneratorBase.log - Creation of SecureRandom instance for session ID generation using [SHA1PRNG] took [104] milliseconds.
