[2024-01-14 17:38:09.890]	[管理者]	[新規予約]	[ID:15] [日付:2024-01-17(水)] [時間:11:00〜12:00] [内容ID:1] [担当者ID:1] [状況:予約中]
[2024-01-14 17:42:32.284]	[管理者]	[新規予約]	[ID:16] [日付:2024-01-14(日)] [時間:19:42〜20:42] [内容ID:1] [担当者ID:1] [状況:予約中]
[2024-01-14 17:44:37.898]	[管理者]	[新規予約]	[ID:17] [日付:2024-01-14(日)] [時間:12:00〜14:00] [内容ID:1] [担当者ID:1] [状況:予約中]
[2024-01-14 17:45:01.275]	[管理者]	[新規予約]	[ID:18] [日付:2024-01-14(日)] [時間:12:00〜14:00] [内容ID:1] [担当者ID:1] [状況:予約中]
[2024-01-14 17:45:15.955]	[管理者]	[新規予約]	[ID:19] [日付:2024-01-14(日)] [時間:12:00〜13:00] [内容ID:1] [担当者ID:1] [状況:予約中]
[2024-01-14 17:45:35.443]	[バッチ]	[予約完了]	[ID:17] [日付:2024-01-14(日)] [時間:12:00〜14:00] [内容ID:0] [担当者ID:0] [状況:予約中]
[2024-01-14 17:45:35.470]	[バッチ]	[予約完了]	[ID:18] [日付:2024-01-14(日)] [時間:12:00〜14:00] [内容ID:0] [担当者ID:0] [状況:予約中]
[2024-01-14 17:45:35.474]	[バッチ]	[予約完了]	[ID:19] [日付:2024-01-14(日)] [時間:12:00〜13:00] [内容ID:0] [担当者ID:0] [状況:予約中]
[2024-01-14 17:48:02.576]	[管理者]	[新規予約]	[ID:20] [日付:2024-01-14(日)] [時間:18:47〜19:47] [内容ID:1] [担当者ID:1] [状況:予約中]
[2024-01-14 17:59:02.214]	[管理者]	[新規予約]	[ID:21] [日付:2024-01-14(日)] [時間:13:00〜14:00] [内容ID:1] [担当者ID:1] [状況:予約中]
[2024-01-14 17:59:24.254]	[バッチ]	[予約完了]	[ID:21] [日付:2024-01-14(日)] [時間:13:00〜14:00] [内容ID:0] [担当者ID:0] [状況:予約中]
[2024-01-14 18:04:28.551]	[管理者]	[新規予約]	[ID:22] [日付:2024-01-14(日)] [時間:12:00〜13:00] [内容ID:1] [担当者ID:1] [状況:予約中]
[2024-01-14 18:05:07.862]	[バッチ]	[予約完了]	[ID:22] [日付:2024-01-14(日)] [時間:12:00〜13:00] [内容ID:0] [担当者ID:0] [状況:予約中]
[2024-01-14 18:14:40.138]	[管理者]	[新規予約]	[ID:23] [日付:2024-01-15(月)] [時間:10:00〜20:00] [内容ID:1] [担当者ID:1] [状況:予約中]
[2024-01-14 18:26:44.367]	[管理者]	[新規予約]	[ID:24] [日付:2024-01-14(日)] [時間:16:00〜17:00] [内容ID:1] [担当者ID:1] [状況:予約中]
[2024-01-14 18:27:41.801]	[バッチ]	[予約完了]	[ID:24] [日付:2024-01-14(日)] [時間:16:00〜17:00] [内容ID:0] [担当者ID:0] [状況:予約中]
[2024-01-14 18:34:54.724]	[管理者]	[予約編集]	[ID:16] [日付:2024-01-14(日)] [時間:19:42〜20:42] [内容ID:1] [担当者ID:1] [状況:キャンセル]
[2024-01-14 19:45:00.182]	[管理者]	[新規予約]	[ID:25] [日付:2024-01-14(日)] [時間:12:00〜13:00] [内容ID:1] [担当者ID:1] [状況:予約中]
[2024-01-14 19:45:55.047]	[バッチ]	[予約完了]	[ID:25] [日付:2024-01-14(日)] [時間:12:00〜13:00] [内容ID:0] [担当者ID:0] [状況:予約中]
[2024-01-14 19:47:28.468]	[管理者]	[新規予約]	[ID:26] [日付:2024-01-14(日)] [時間:12:00〜13:00] [内容ID:1] [担当者ID:1] [状況:予約中]
[2024-01-14 19:48:27.229]	[バッチ]	[予約完了]	[ID:26] [日付:2024-01-14(日)] [時間:12:00〜13:00] [内容ID:0] [担当者ID:0] [状況:予約中]
[2024-01-14 19:48:52.554]	[管理者]	[新規予約]	[ID:27] [日付:2024-01-14(日)] [時間:12:00〜13:00] [内容ID:1] [担当者ID:1] [状況:予約中]
[2024-01-14 19:49:50.626]	[バッチ]	[予約完了]	[ID:27] [日付:2024-01-14(日)] [時間:12:00〜13:00] [内容ID:0] [担当者ID:0] [状況:予約中]
